{
  "timestamp" : "2025-10-27T13:05:02.751Z",
  "eventType" : "SUCCESSFULL PAMYMENT",
  "category" : "DORMITORY_PAYMENT",
  "eventId" : "1761570302751-577",
  "user" : "nikola.milivojevic.555@gmail.com",
  "role" : "STUDENT",
  "result" : "SUCCESS",
  "message" : "SUCCESSFULL PAYMENT",
  "ipAddress" : "0:0:0:0:0:0:0:1",
  "userAgent" : null
}

{
  "timestamp" : "2025-10-27T13:05:49.300Z",
  "eventType" : "SUCCESSFULL PAMYMENT",
  "category" : "DORMITORY_PAYMENT",
  "eventId" : "1761570349300-361",
  "user" : "nikola.milivojevic.555@gmail.com",
  "role" : "STUDENT",
  "result" : "SUCCESS",
  "message" : "SUCCESSFULL PAYMENT",
  "ipAddress" : "0:0:0:0:0:0:0:1",
  "userAgent" : null
}

{
  "timestamp" : "2025-10-27T13:06:00.630Z",
  "eventType" : "SUCCESSFULL CHANGE",
  "category" : "MEAL",
  "eventId" : "1761570360630-517",
  "user" : "nikola.milivojevic.555@gmail.com",
  "role" : "STUDENT",
  "result" : "SUCCESS",
  "message" : "SUCCESSFULL CHANGE MEAL NUMBER",
  "ipAddress" : "0:0:0:0:0:0:0:1",
  "userAgent" : null
}
