{
  "timestamp" : "2025-10-25T18:36:21.554Z",
  "eventType" : "LOGIN_SUCCESS",
  "category" : "AUTHENTICATION",
  "eventId" : "1761417381554-345",
  "user" : "ftn@gmail.com",
  "role" : "ADMINFAKS",
  "result" : "SUCCESS",
  "message" : "User logged in successfully",
  "ipAddress" : "0:0:0:0:0:0:0:1",
  "userAgent" : "Mozilla/5.0 (Windows NT 10.0; Win64; x64) AppleWebKit/537.36 (KHTML, like Gecko) Chrome/141.0.0.0 Safari/537.36"
}

{
  "timestamp" : "2025-10-25T18:45:19.520Z",
  "eventType" : "LOGIN_SUCCESS",
  "category" : "AUTHENTICATION",
  "eventId" : "1761417919520-895",
  "user" : "ftn@gmail.com",
  "role" : "ADMINFAKS",
  "result" : "SUCCESS",
  "message" : "User logged in successfully",
  "ipAddress" : "0:0:0:0:0:0:0:1",
  "userAgent" : "Mozilla/5.0 (Windows NT 10.0; Win64; x64) AppleWebKit/537.36 (KHTML, like Gecko) Chrome/141.0.0.0 Safari/537.36"
}

{
  "timestamp" : "2025-10-25T19:14:58.248Z",
  "eventType" : "LOGIN_SUCCESS",
  "category" : "AUTHENTICATION",
  "eventId" : "1761419698248-593",
  "user" : "ftn@gmail.com",
  "role" : "ADMINFAKS",
  "result" : "SUCCESS",
  "message" : "User logged in successfully",
  "ipAddress" : "0:0:0:0:0:0:0:1",
  "userAgent" : "Mozilla/5.0 (Windows NT 10.0; Win64; x64) AppleWebKit/537.36 (KHTML, like Gecko) Chrome/141.0.0.0 Safari/537.36"
}

{
  "timestamp" : "2025-10-25T19:24:23.092Z",
  "eventType" : "LOGIN_SUCCESS",
  "category" : "AUTHENTICATION",
  "eventId" : "1761420263092-371",
  "user" : "ftn@gmail.com",
  "role" : "ADMINFAKS",
  "result" : "SUCCESS",
  "message" : "User logged in successfully",
  "ipAddress" : "0:0:0:0:0:0:0:1",
  "userAgent" : "Mozilla/5.0 (Windows NT 10.0; Win64; x64) AppleWebKit/537.36 (KHTML, like Gecko) Chrome/141.0.0.0 Safari/537.36"
}

{
  "timestamp" : "2025-10-25T20:23:18.728Z",
  "eventType" : "LOGIN_SUCCESS",
  "category" : "AUTHENTICATION",
  "eventId" : "1761423798728-490",
  "user" : "ftn@gmail.com",
  "role" : "ADMINFAKS",
  "result" : "SUCCESS",
  "message" : "User logged in successfully",
  "ipAddress" : "0:0:0:0:0:0:0:1",
  "userAgent" : "Mozilla/5.0 (Windows NT 10.0; Win64; x64) AppleWebKit/537.36 (KHTML, like Gecko) Chrome/141.0.0.0 Safari/537.36"
}
