{
  "timestamp" : "2025-10-26T00:28:38.751Z",
  "eventType" : "LOGIN_SUCCESS",
  "category" : "AUTHENTICATION",
  "eventId" : "1761438518751-120",
  "user" : "nikola.milivojevic.555@gmail.com",
  "role" : "STUDENT",
  "result" : "SUCCESS",
  "message" : "User logged in successfully",
  "ipAddress" : "0:0:0:0:0:0:0:1",
  "userAgent" : "Mozilla/5.0 (Windows NT 10.0; Win64; x64) AppleWebKit/537.36 (KHTML, like Gecko) Chrome/141.0.0.0 Safari/537.36"
}

{
  "timestamp" : "2025-10-26T09:14:57.719Z",
  "eventType" : "LOGIN_SUCCESS",
  "category" : "AUTHENTICATION",
  "eventId" : "1761470097720-7",
  "user" : "nikola.milivojevic.555@gmail.com",
  "role" : "STUDENT",
  "result" : "SUCCESS",
  "message" : "User logged in successfully",
  "ipAddress" : "0:0:0:0:0:0:0:1",
  "userAgent" : "Mozilla/5.0 (Windows NT 10.0; Win64; x64) AppleWebKit/537.36 (KHTML, like Gecko) Chrome/141.0.0.0 Safari/537.36"
}

{
  "timestamp" : "2025-10-26T09:43:14.284Z",
  "eventType" : "LOGIN_SUCCESS",
  "category" : "AUTHENTICATION",
  "eventId" : "1761471794286-648",
  "user" : "nikola.milivojevic.555@gmail.com",
  "role" : "STUDENT",
  "result" : "SUCCESS",
  "message" : "User logged in successfully",
  "ipAddress" : "0:0:0:0:0:0:0:1",
  "userAgent" : "Mozilla/5.0 (Windows NT 10.0; Win64; x64) AppleWebKit/537.36 (KHTML, like Gecko) Chrome/141.0.0.0 Safari/537.36"
}

{
  "timestamp" : "2025-10-26T15:14:46.613Z",
  "eventType" : "LOGIN_SUCCESS",
  "category" : "AUTHENTICATION",
  "eventId" : "1761491686614-557",
  "user" : "nikola.milivojevic.555@gmail.com",
  "role" : "STUDENT",
  "result" : "SUCCESS",
  "message" : "User logged in successfully",
  "ipAddress" : "0:0:0:0:0:0:0:1",
  "userAgent" : "Mozilla/5.0 (Windows NT 10.0; Win64; x64) AppleWebKit/537.36 (KHTML, like Gecko) Chrome/141.0.0.0 Safari/537.36"
}
