{
  "timestamp" : "2025-10-28T15:35:36.378Z",
  "eventType" : "LOGIN_SUCCESS",
  "category" : "AUTHENTICATION",
  "eventId" : "1761665736378-870",
  "user" : "ftn@gmail.com",
  "role" : "ADMINFAKS",
  "result" : "SUCCESS",
  "message" : "User logged in successfully",
  "ipAddress" : "0:0:0:0:0:0:0:1",
  "userAgent" : "Mozilla/5.0 (Windows NT 10.0; Win64; x64) AppleWebKit/537.36 (KHTML, like Gecko) Chrome/141.0.0.0 Safari/537.36"
}

{
  "timestamp" : "2025-10-28T15:37:25.879Z",
  "eventType" : "LOGIN_SUCCESS",
  "category" : "AUTHENTICATION",
  "eventId" : "1761665845879-812",
  "user" : "nikola@gmail.com",
  "role" : "PROFESSOR",
  "result" : "SUCCESS",
  "message" : "User logged in successfully",
  "ipAddress" : "0:0:0:0:0:0:0:1",
  "userAgent" : "Mozilla/5.0 (Windows NT 10.0; Win64; x64) AppleWebKit/537.36 (KHTML, like Gecko) Chrome/141.0.0.0 Safari/537.36"
}

{
  "timestamp" : "2025-10-28T16:36:37.206Z",
  "eventType" : "LOGIN_SUCCESS",
  "category" : "AUTHENTICATION",
  "eventId" : "1761669397207-83",
  "user" : "nikola.milivojevic.555@gmail.com",
  "role" : "STUDENT",
  "result" : "SUCCESS",
  "message" : "User logged in successfully",
  "ipAddress" : "0:0:0:0:0:0:0:1",
  "userAgent" : "Mozilla/5.0 (Windows NT 10.0; Win64; x64) AppleWebKit/537.36 (KHTML, like Gecko) Chrome/141.0.0.0 Safari/537.36"
}

{
  "timestamp" : "2025-10-28T16:37:01.329Z",
  "eventType" : "LOGIN_FAILED",
  "category" : "AUTHENTICATION",
  "eventId" : "1761669421329-978",
  "user" : "djordje@gmail.com",
  "role" : "UNKNOWN",
  "result" : "FAILURE",
  "message" : "User doesn't exist",
  "ipAddress" : "0:0:0:0:0:0:0:1",
  "userAgent" : "Mozilla/5.0 (Windows NT 10.0; Win64; x64) AppleWebKit/537.36 (KHTML, like Gecko) Chrome/141.0.0.0 Safari/537.36"
}

{
  "timestamp" : "2025-10-28T16:37:08.202Z",
  "eventType" : "LOGIN_SUCCESS",
  "category" : "AUTHENTICATION",
  "eventId" : "1761669428202-19",
  "user" : "djole@gmail.com",
  "role" : "PROFESSOR",
  "result" : "SUCCESS",
  "message" : "User logged in successfully",
  "ipAddress" : "0:0:0:0:0:0:0:1",
  "userAgent" : "Mozilla/5.0 (Windows NT 10.0; Win64; x64) AppleWebKit/537.36 (KHTML, like Gecko) Chrome/141.0.0.0 Safari/537.36"
}

{
  "timestamp" : "2025-10-28T16:38:16.784Z",
  "eventType" : "LOGIN_SUCCESS",
  "category" : "AUTHENTICATION",
  "eventId" : "1761669496785-41",
  "user" : "djole@gmail.com",
  "role" : "PROFESSOR",
  "result" : "SUCCESS",
  "message" : "User logged in successfully",
  "ipAddress" : "0:0:0:0:0:0:0:1",
  "userAgent" : "Mozilla/5.0 (Windows NT 10.0; Win64; x64) AppleWebKit/537.36 (KHTML, like Gecko) Chrome/141.0.0.0 Safari/537.36"
}

{
  "timestamp" : "2025-10-28T16:57:40.937Z",
  "eventType" : "LOGIN_SUCCESS",
  "category" : "AUTHENTICATION",
  "eventId" : "1761670660937-906",
  "user" : "djole@gmail.com",
  "role" : "PROFESSOR",
  "result" : "SUCCESS",
  "message" : "User logged in successfully",
  "ipAddress" : "0:0:0:0:0:0:0:1",
  "userAgent" : "Mozilla/5.0 (Windows NT 10.0; Win64; x64) AppleWebKit/537.36 (KHTML, like Gecko) Chrome/141.0.0.0 Safari/537.36"
}

{
  "timestamp" : "2025-10-28T17:09:52.137Z",
  "eventType" : "LOGIN_SUCCESS",
  "category" : "AUTHENTICATION",
  "eventId" : "1761671392137-681",
  "user" : "nikola.milivojevic.555@gmail.com",
  "role" : "STUDENT",
  "result" : "SUCCESS",
  "message" : "User logged in successfully",
  "ipAddress" : "0:0:0:0:0:0:0:1",
  "userAgent" : "Mozilla/5.0 (Windows NT 10.0; Win64; x64) AppleWebKit/537.36 (KHTML, like Gecko) Chrome/141.0.0.0 Safari/537.36"
}

{
  "timestamp" : "2025-10-28T20:17:09.583Z",
  "eventType" : "LOGIN_SUCCESS",
  "category" : "AUTHENTICATION",
  "eventId" : "1761682629583-870",
  "user" : "nikola.milivojevic.555@gmail.com",
  "role" : "STUDENT",
  "result" : "SUCCESS",
  "message" : "User logged in successfully",
  "ipAddress" : "0:0:0:0:0:0:0:1",
  "userAgent" : "Mozilla/5.0 (Windows NT 10.0; Win64; x64) AppleWebKit/537.36 (KHTML, like Gecko) Chrome/141.0.0.0 Safari/537.36"
}

{
  "timestamp" : "2025-10-28T20:23:14.365Z",
  "eventType" : "LOGIN_SUCCESS",
  "category" : "AUTHENTICATION",
  "eventId" : "1761682994365-470",
  "user" : "nikola.milivojevic.555@gmail.com",
  "role" : "STUDENT",
  "result" : "SUCCESS",
  "message" : "User logged in successfully",
  "ipAddress" : "0:0:0:0:0:0:0:1",
  "userAgent" : "Mozilla/5.0 (Windows NT 10.0; Win64; x64) AppleWebKit/537.36 (KHTML, like Gecko) Chrome/141.0.0.0 Safari/537.36"
}

{
  "timestamp" : "2025-10-28T20:27:18.386Z",
  "eventType" : "LOGIN_SUCCESS",
  "category" : "AUTHENTICATION",
  "eventId" : "1761683238386-451",
  "user" : "nikola.milivojevic.555@gmail.com",
  "role" : "STUDENT",
  "result" : "SUCCESS",
  "message" : "User logged in successfully",
  "ipAddress" : "0:0:0:0:0:0:0:1",
  "userAgent" : "Mozilla/5.0 (Windows NT 10.0; Win64; x64) AppleWebKit/537.36 (KHTML, like Gecko) Chrome/141.0.0.0 Safari/537.36"
}

{
  "timestamp" : "2025-10-28T20:29:42.890Z",
  "eventType" : "LOGIN_SUCCESS",
  "category" : "AUTHENTICATION",
  "eventId" : "1761683382890-115",
  "user" : "nikola.milivojevic.555@gmail.com",
  "role" : "STUDENT",
  "result" : "SUCCESS",
  "message" : "User logged in successfully",
  "ipAddress" : "0:0:0:0:0:0:0:1",
  "userAgent" : "Mozilla/5.0 (Windows NT 10.0; Win64; x64) AppleWebKit/537.36 (KHTML, like Gecko) Chrome/141.0.0.0 Safari/537.36"
}

{
  "timestamp" : "2025-10-28T21:47:29.781Z",
  "eventType" : "LOGIN_SUCCESS",
  "category" : "AUTHENTICATION",
  "eventId" : "1761688049781-227",
  "user" : "nikola.milivojevic.555@gmail.com",
  "role" : "STUDENT",
  "result" : "SUCCESS",
  "message" : "User logged in successfully",
  "ipAddress" : "0:0:0:0:0:0:0:1",
  "userAgent" : "Mozilla/5.0 (Windows NT 10.0; Win64; x64) AppleWebKit/537.36 (KHTML, like Gecko) Chrome/141.0.0.0 Safari/537.36"
}

{
  "timestamp" : "2025-10-28T21:54:08.181Z",
  "eventType" : "LOGIN_SUCCESS",
  "category" : "AUTHENTICATION",
  "eventId" : "1761688448181-448",
  "user" : "nikola.milivojevic.555@gmail.com",
  "role" : "STUDENT",
  "result" : "SUCCESS",
  "message" : "User logged in successfully",
  "ipAddress" : "0:0:0:0:0:0:0:1",
  "userAgent" : "Mozilla/5.0 (Windows NT 10.0; Win64; x64) AppleWebKit/537.36 (KHTML, like Gecko) Chrome/141.0.0.0 Safari/537.36"
}

{
  "timestamp" : "2025-10-28T22:02:56.315Z",
  "eventType" : "LOGIN_SUCCESS",
  "category" : "AUTHENTICATION",
  "eventId" : "1761688976315-266",
  "user" : "djole@gmail.com",
  "role" : "PROFESSOR",
  "result" : "SUCCESS",
  "message" : "User logged in successfully",
  "ipAddress" : "0:0:0:0:0:0:0:1",
  "userAgent" : "Mozilla/5.0 (Windows NT 10.0; Win64; x64) AppleWebKit/537.36 (KHTML, like Gecko) Chrome/141.0.0.0 Safari/537.36"
}

{
  "timestamp" : "2025-10-28T22:03:19.200Z",
  "eventType" : "LOGIN_SUCCESS",
  "category" : "AUTHENTICATION",
  "eventId" : "1761688999200-872",
  "user" : "nikola.milivojevic.555@gmail.com",
  "role" : "STUDENT",
  "result" : "SUCCESS",
  "message" : "User logged in successfully",
  "ipAddress" : "0:0:0:0:0:0:0:1",
  "userAgent" : "Mozilla/5.0 (Windows NT 10.0; Win64; x64) AppleWebKit/537.36 (KHTML, like Gecko) Chrome/141.0.0.0 Safari/537.36"
}

{
  "timestamp" : "2025-10-28T22:05:43.690Z",
  "eventType" : "LOGIN_FAILED",
  "category" : "AUTHENTICATION",
  "eventId" : "1761689143690-422",
  "user" : "djole@gmail.com",
  "role" : "PROFESSOR",
  "result" : "FAILURE",
  "message" : "Wrong password",
  "ipAddress" : "0:0:0:0:0:0:0:1",
  "userAgent" : "Mozilla/5.0 (Windows NT 10.0; Win64; x64) AppleWebKit/537.36 (KHTML, like Gecko) Chrome/141.0.0.0 Safari/537.36"
}

{
  "timestamp" : "2025-10-28T22:05:49.423Z",
  "eventType" : "LOGIN_SUCCESS",
  "category" : "AUTHENTICATION",
  "eventId" : "1761689149423-118",
  "user" : "djole@gmail.com",
  "role" : "PROFESSOR",
  "result" : "SUCCESS",
  "message" : "User logged in successfully",
  "ipAddress" : "0:0:0:0:0:0:0:1",
  "userAgent" : "Mozilla/5.0 (Windows NT 10.0; Win64; x64) AppleWebKit/537.36 (KHTML, like Gecko) Chrome/141.0.0.0 Safari/537.36"
}

{
  "timestamp" : "2025-10-28T22:06:57.358Z",
  "eventType" : "LOGIN_SUCCESS",
  "category" : "AUTHENTICATION",
  "eventId" : "1761689217358-266",
  "user" : "nikola.milivojevic.555@gmail.com",
  "role" : "STUDENT",
  "result" : "SUCCESS",
  "message" : "User logged in successfully",
  "ipAddress" : "0:0:0:0:0:0:0:1",
  "userAgent" : "Mozilla/5.0 (Windows NT 10.0; Win64; x64) AppleWebKit/537.36 (KHTML, like Gecko) Chrome/141.0.0.0 Safari/537.36"
}
